Base path: /home/user/Unity-2017.3.0f1/Editor/Data
Cmd: initializeCompiler
Cmd: compileComputeKernel
  api=9 insize=1435 outsize=5197 ok=1
Cmd: compileComputeKernel
  api=9 insize=3273 outsize=6733 ok=1
Cmd: compileComputeKernel
  api=15 insize=3273 outsize=10261 ok=1
Cmd: compileComputeKernel
  api=9 insize=1526 outsize=701 ok=1
Cmd: compileComputeKernel
  api=15 insize=1526 outsize=897 ok=1
Cmd: compileComputeKernel
  api=15 insize=2343 outsize=4925 ok=1
Cmd: compileComputeKernel
  api=9 insize=1435 outsize=3425 ok=1
Cmd: compileComputeKernel
  api=15 insize=1435 outsize=3385 ok=1
Cmd: compileComputeKernel
  api=9 insize=3273 outsize=10297 ok=1
Cmd: compileComputeKernel
  api=9 insize=1526 outsize=5493 ok=1
Cmd: compileComputeKernel
  api=9 insize=2343 outsize=5041 ok=1

Quitting shader compiler process
