Base path: /opt/Unity/Editor/Data
Cmd: initializeCompiler
Cmd: disassembleShader
  api=9 insize=1580 outsize=1580 ok=1
Cmd: disassembleShader
  api=18 insize=1053 outsize=10525 ok=1
Cmd: disassembleShader
  api=9 insize=1842 outsize=1842 ok=1
Cmd: disassembleShader
  api=18 insize=1221 outsize=12270 ok=1
Cmd: disassembleShader
  api=5 insize=1491 outsize=1491 ok=1
Cmd: disassembleShader
  api=18 insize=1399 outsize=13607 ok=1
Cmd: disassembleShader
  api=5 insize=1580 outsize=1580 ok=1
Cmd: disassembleShader
  api=9 insize=2301 outsize=2301 ok=1
Cmd: disassembleShader
  api=9 insize=0 outsize=57 ok=1
Cmd: disassembleShader
  api=9 insize=0 outsize=57 ok=1
Cmd: disassembleShader
  api=18 insize=0 outsize=1 ok=1
Cmd: disassembleShader
  api=9 insize=0 outsize=57 ok=1
Cmd: disassembleShader
  api=18 insize=0 outsize=1 ok=1
Cmd: disassembleShader
  api=5 insize=0 outsize=57 ok=1
Cmd: disassembleShader
  api=18 insize=0 outsize=1 ok=1
Cmd: disassembleShader
  api=5 insize=0 outsize=57 ok=1
Cmd: disassembleShader
  api=9 insize=0 outsize=57 ok=1

Quitting shader compiler process
